[35m[1mScanning dependencies of target first_layer_node[0m
[ 50%] [32mBuilding CXX object CMakeFiles/first_layer_node.dir/src/first_layer_node.cpp.o[0m
[01m[K/home/marzooq/AUV_SOFTWARE/AUV_ROS/src/first_layer/src/first_layer_node.cpp:23:5:[m[K [01;35m[Kwarning: [m[Ksecond argument of ‘[01m[Kint main(int, char***)[m[K’ should be ‘[01m[Kchar **[m[K’ [-Wmain]
 int main(int argc, char** argv[])
[01;32m[K     ^[m[K
[01m[K/home/marzooq/AUV_SOFTWARE/AUV_ROS/src/first_layer/src/first_layer_node.cpp:[m[K In function ‘[01m[Kint main(int, char***)[m[K’:
[01m[K/home/marzooq/AUV_SOFTWARE/AUV_ROS/src/first_layer/src/first_layer_node.cpp:25:40:[m[K [01;31m[Kerror: [m[Kno matching function for call to ‘[01m[Kinit(int&, char***&, const char [17])[m[K’
  ros::init(argc,argv,"first_layer_node");
[01;32m[K                                        ^[m[K
In file included from [01m[K/opt/ros/kinetic/include/ros/node_handle.h:47:0[m[K,
                 from [01m[K/opt/ros/kinetic/include/ros/ros.h:45[m[K,
                 from [01m[K/opt/ros/kinetic/include/image_transport/publisher.h:38[m[K,
                 from [01m[K/opt/ros/kinetic/include/image_transport/image_transport.h:38[m[K,
                 from [01m[K/home/marzooq/AUV_SOFTWARE/AUV_ROS/src/first_layer/src/first_layer_node.cpp:1[m[K:
[01m[K/opt/ros/kinetic/include/ros/init.h:83:18:[m[K [01;36m[Knote: [m[Kcandidate: void ros::init(int&, char**, const string&, uint32_t)
 ROSCPP_DECL void init(int &argc, char **argv, const std::string& name, uint32_t options = 0);
[01;32m[K                  ^[m[K
[01m[K/opt/ros/kinetic/include/ros/init.h:83:18:[m[K [01;36m[Knote: [m[K  no known conversion for argument 2 from ‘[01m[Kchar***[m[K’ to ‘[01m[Kchar**[m[K’
In file included from [01m[K/opt/ros/kinetic/include/ros/node_handle.h:47:0[m[K,
                 from [01m[K/opt/ros/kinetic/include/ros/ros.h:45[m[K,
                 from [01m[K/opt/ros/kinetic/include/image_transport/publisher.h:38[m[K,
                 from [01m[K/opt/ros/kinetic/include/image_transport/image_transport.h:38[m[K,
                 from [01m[K/home/marzooq/AUV_SOFTWARE/AUV_ROS/src/first_layer/src/first_layer_node.cpp:1[m[K:
[01m[K/opt/ros/kinetic/include/ros/init.h:93:18:[m[K [01;36m[Knote: [m[Kcandidate: void ros::init(const M_string&, const string&, uint32_t)
 ROSCPP_DECL void init(const M_string& remappings, const std::string& name, uint32_t options = 0);
[01;32m[K                  ^[m[K
[01m[K/opt/ros/kinetic/include/ros/init.h:93:18:[m[K [01;36m[Knote: [m[K  no known conversion for argument 1 from ‘[01m[Kint[m[K’ to ‘[01m[Kconst M_string& {aka const std::map<std::__cxx11::basic_string<char>, std::__cxx11::basic_string<char> >&}[m[K’
[01m[K/opt/ros/kinetic/include/ros/init.h:103:18:[m[K [01;36m[Knote: [m[Kcandidate: void ros::init(const VP_string&, const string&, uint32_t)
 ROSCPP_DECL void init(const VP_string& remapping_args, const std::string& name, uint32_t options = 0);
[01;32m[K                  ^[m[K
[01m[K/opt/ros/kinetic/include/ros/init.h:103:18:[m[K [01;36m[Knote: [m[K  no known conversion for argument 1 from ‘[01m[Kint[m[K’ to ‘[01m[Kconst VP_string& {aka const std::vector<std::pair<std::__cxx11::basic_string<char>, std::__cxx11::basic_string<char> > >&}[m[K’
CMakeFiles/first_layer_node.dir/build.make:62: recipe for target 'CMakeFiles/first_layer_node.dir/src/first_layer_node.cpp.o' failed
make[2]: *** [CMakeFiles/first_layer_node.dir/src/first_layer_node.cpp.o] Error 1
CMakeFiles/Makefile2:579: recipe for target 'CMakeFiles/first_layer_node.dir/all' failed
make[1]: *** [CMakeFiles/first_layer_node.dir/all] Error 2
Makefile:138: recipe for target 'all' failed
make: *** [all] Error 2
