Symlinking /home/marzooq/AUV_SOFTWARE/AUV_ROS/devel/share/viso2_ros/cmake/viso2_ros-msg-extras.cmake
Symlinking /home/marzooq/AUV_SOFTWARE/AUV_ROS/devel/share/viso2_ros/cmake/viso2_rosConfig.cmake
Symlinking /home/marzooq/AUV_SOFTWARE/AUV_ROS/devel/share/viso2_ros/cmake/viso2_ros-msg-paths.cmake
Symlinking /home/marzooq/AUV_SOFTWARE/AUV_ROS/devel/share/viso2_ros/cmake/viso2_rosConfig-version.cmake
Symlinking /home/marzooq/AUV_SOFTWARE/AUV_ROS/devel/share/gennodejs/ros/viso2_ros/_index.js
Symlinking /home/marzooq/AUV_SOFTWARE/AUV_ROS/devel/share/gennodejs/ros/viso2_ros/msg/_index.js
Symlinking /home/marzooq/AUV_SOFTWARE/AUV_ROS/devel/share/gennodejs/ros/viso2_ros/msg/VisoInfo.js
Symlinking /home/marzooq/AUV_SOFTWARE/AUV_ROS/devel/share/common-lisp/ros/viso2_ros/msg/_package_VisoInfo.lisp
Symlinking /home/marzooq/AUV_SOFTWARE/AUV_ROS/devel/share/common-lisp/ros/viso2_ros/msg/VisoInfo.lisp
Symlinking /home/marzooq/AUV_SOFTWARE/AUV_ROS/devel/share/common-lisp/ros/viso2_ros/msg/_package.lisp
Symlinking /home/marzooq/AUV_SOFTWARE/AUV_ROS/devel/share/common-lisp/ros/viso2_ros/msg/viso2_ros-msg.asd
Symlinking /home/marzooq/AUV_SOFTWARE/AUV_ROS/devel/share/roseus/ros/viso2_ros/manifest.l
Symlinking /home/marzooq/AUV_SOFTWARE/AUV_ROS/devel/share/roseus/ros/viso2_ros/msg/VisoInfo.l
Symlinking /home/marzooq/AUV_SOFTWARE/AUV_ROS/devel/lib/viso2_ros/mono_odometer
Symlinking /home/marzooq/AUV_SOFTWARE/AUV_ROS/devel/lib/viso2_ros/stereo_odometer
Symlinking /home/marzooq/AUV_SOFTWARE/AUV_ROS/devel/lib/python2.7/dist-packages/viso2_ros/__init__.py
Symlinking /home/marzooq/AUV_SOFTWARE/AUV_ROS/devel/lib/python2.7/dist-packages/viso2_ros/msg/_VisoInfo.py
Symlinking /home/marzooq/AUV_SOFTWARE/AUV_ROS/devel/lib/python2.7/dist-packages/viso2_ros/msg/__init__.py
Symlinking /home/marzooq/AUV_SOFTWARE/AUV_ROS/devel/lib/pkgconfig/viso2_ros.pc
Symlinking /home/marzooq/AUV_SOFTWARE/AUV_ROS/devel/include/viso2_ros/VisoInfo.h
