Linked: (/home/marzooq/AUV_SOFTWARE/AUV_ROS/devel/.private/viso2_ros/share/viso2_ros/cmake/viso2_ros-msg-extras.cmake, /home/marzooq/AUV_SOFTWARE/AUV_ROS/devel/share/viso2_ros/cmake/viso2_ros-msg-extras.cmake)
Linked: (/home/marzooq/AUV_SOFTWARE/AUV_ROS/devel/.private/viso2_ros/share/viso2_ros/cmake/viso2_rosConfig.cmake, /home/marzooq/AUV_SOFTWARE/AUV_ROS/devel/share/viso2_ros/cmake/viso2_rosConfig.cmake)
Linked: (/home/marzooq/AUV_SOFTWARE/AUV_ROS/devel/.private/viso2_ros/share/viso2_ros/cmake/viso2_ros-msg-paths.cmake, /home/marzooq/AUV_SOFTWARE/AUV_ROS/devel/share/viso2_ros/cmake/viso2_ros-msg-paths.cmake)
Linked: (/home/marzooq/AUV_SOFTWARE/AUV_ROS/devel/.private/viso2_ros/share/viso2_ros/cmake/viso2_rosConfig-version.cmake, /home/marzooq/AUV_SOFTWARE/AUV_ROS/devel/share/viso2_ros/cmake/viso2_rosConfig-version.cmake)
Linked: (/home/marzooq/AUV_SOFTWARE/AUV_ROS/devel/.private/viso2_ros/share/gennodejs/ros/viso2_ros/_index.js, /home/marzooq/AUV_SOFTWARE/AUV_ROS/devel/share/gennodejs/ros/viso2_ros/_index.js)
Linked: (/home/marzooq/AUV_SOFTWARE/AUV_ROS/devel/.private/viso2_ros/share/gennodejs/ros/viso2_ros/msg/_index.js, /home/marzooq/AUV_SOFTWARE/AUV_ROS/devel/share/gennodejs/ros/viso2_ros/msg/_index.js)
Linked: (/home/marzooq/AUV_SOFTWARE/AUV_ROS/devel/.private/viso2_ros/share/gennodejs/ros/viso2_ros/msg/VisoInfo.js, /home/marzooq/AUV_SOFTWARE/AUV_ROS/devel/share/gennodejs/ros/viso2_ros/msg/VisoInfo.js)
Linked: (/home/marzooq/AUV_SOFTWARE/AUV_ROS/devel/.private/viso2_ros/share/common-lisp/ros/viso2_ros/msg/_package_VisoInfo.lisp, /home/marzooq/AUV_SOFTWARE/AUV_ROS/devel/share/common-lisp/ros/viso2_ros/msg/_package_VisoInfo.lisp)
Linked: (/home/marzooq/AUV_SOFTWARE/AUV_ROS/devel/.private/viso2_ros/share/common-lisp/ros/viso2_ros/msg/VisoInfo.lisp, /home/marzooq/AUV_SOFTWARE/AUV_ROS/devel/share/common-lisp/ros/viso2_ros/msg/VisoInfo.lisp)
Linked: (/home/marzooq/AUV_SOFTWARE/AUV_ROS/devel/.private/viso2_ros/share/common-lisp/ros/viso2_ros/msg/_package.lisp, /home/marzooq/AUV_SOFTWARE/AUV_ROS/devel/share/common-lisp/ros/viso2_ros/msg/_package.lisp)
Linked: (/home/marzooq/AUV_SOFTWARE/AUV_ROS/devel/.private/viso2_ros/share/common-lisp/ros/viso2_ros/msg/viso2_ros-msg.asd, /home/marzooq/AUV_SOFTWARE/AUV_ROS/devel/share/common-lisp/ros/viso2_ros/msg/viso2_ros-msg.asd)
Linked: (/home/marzooq/AUV_SOFTWARE/AUV_ROS/devel/.private/viso2_ros/share/roseus/ros/viso2_ros/manifest.l, /home/marzooq/AUV_SOFTWARE/AUV_ROS/devel/share/roseus/ros/viso2_ros/manifest.l)
Linked: (/home/marzooq/AUV_SOFTWARE/AUV_ROS/devel/.private/viso2_ros/share/roseus/ros/viso2_ros/msg/VisoInfo.l, /home/marzooq/AUV_SOFTWARE/AUV_ROS/devel/share/roseus/ros/viso2_ros/msg/VisoInfo.l)
Linked: (/home/marzooq/AUV_SOFTWARE/AUV_ROS/devel/.private/viso2_ros/lib/viso2_ros/mono_odometer, /home/marzooq/AUV_SOFTWARE/AUV_ROS/devel/lib/viso2_ros/mono_odometer)
Linked: (/home/marzooq/AUV_SOFTWARE/AUV_ROS/devel/.private/viso2_ros/lib/viso2_ros/stereo_odometer, /home/marzooq/AUV_SOFTWARE/AUV_ROS/devel/lib/viso2_ros/stereo_odometer)
Linked: (/home/marzooq/AUV_SOFTWARE/AUV_ROS/devel/.private/viso2_ros/lib/python2.7/dist-packages/viso2_ros/__init__.py, /home/marzooq/AUV_SOFTWARE/AUV_ROS/devel/lib/python2.7/dist-packages/viso2_ros/__init__.py)
Linked: (/home/marzooq/AUV_SOFTWARE/AUV_ROS/devel/.private/viso2_ros/lib/python2.7/dist-packages/viso2_ros/msg/_VisoInfo.py, /home/marzooq/AUV_SOFTWARE/AUV_ROS/devel/lib/python2.7/dist-packages/viso2_ros/msg/_VisoInfo.py)
Linked: (/home/marzooq/AUV_SOFTWARE/AUV_ROS/devel/.private/viso2_ros/lib/python2.7/dist-packages/viso2_ros/msg/__init__.py, /home/marzooq/AUV_SOFTWARE/AUV_ROS/devel/lib/python2.7/dist-packages/viso2_ros/msg/__init__.py)
Linked: (/home/marzooq/AUV_SOFTWARE/AUV_ROS/devel/.private/viso2_ros/lib/pkgconfig/viso2_ros.pc, /home/marzooq/AUV_SOFTWARE/AUV_ROS/devel/lib/pkgconfig/viso2_ros.pc)
Linked: (/home/marzooq/AUV_SOFTWARE/AUV_ROS/devel/.private/viso2_ros/include/viso2_ros/VisoInfo.h, /home/marzooq/AUV_SOFTWARE/AUV_ROS/devel/include/viso2_ros/VisoInfo.h)
