[01m[K/home/marzooq/AUV_SOFTWARE/AUV_ROS/src/intermediate_layer/src/gate_detect_node.cpp:[m[K In function ‘[01m[Kbool compareArea(cv::Rect, cv::Rect)[m[K’:
[01m[K/home/marzooq/AUV_SOFTWARE/AUV_ROS/src/intermediate_layer/src/gate_detect_node.cpp:13:47:[m[K [01;31m[Kerror: [m[Kno matching function for call to ‘[01m[Kcv::Mat::Mat(cv::Rect&)[m[K’
     double i = fabs(contourArea(Mat(boundRect1)));
[01;32m[K                                               ^[m[K
In file included from [01m[K/opt/ros/kinetic/include/opencv-3.3.1/opencv2/core/mat.hpp:3639:0[m[K,
                 from [01m[K/opt/ros/kinetic/include/opencv-3.3.1/opencv2/core.hpp:59[m[K,
                 from [01m[K/opt/ros/kinetic/include/opencv-3.3.1/opencv2/core/core.hpp:48[m[K,
                 from [01m[K/opt/ros/kinetic/include/cv_bridge/cv_bridge.h:43[m[K,
                 from [01m[K/home/marzooq/AUV_SOFTWARE/AUV_ROS/src/intermediate_layer/src/gate_detect_node.cpp:4[m[K:
[01m[K/opt/ros/kinetic/include/opencv-3.3.1/opencv2/core/mat.inl.hpp:1335:1:[m[K [01;36m[Knote: [m[Kcandidate: cv::Mat::Mat(cv::Mat&&)
 Mat::Mat(Mat&& m)
[01;32m[K ^[m[K
[01m[K/opt/ros/kinetic/include/opencv-3.3.1/opencv2/core/mat.inl.hpp:1335:1:[m[K [01;36m[Knote: [m[K  no known conversion for argument 1 from ‘[01m[Kcv::Rect {aka cv::Rect_<int>}[m[K’ to ‘[01m[Kcv::Mat&&[m[K’
In file included from [01m[K/opt/ros/kinetic/include/opencv-3.3.1/opencv2/core.hpp:59:0[m[K,
                 from [01m[K/opt/ros/kinetic/include/opencv-3.3.1/opencv2/core/core.hpp:48[m[K,
                 from [01m[K/opt/ros/kinetic/include/cv_bridge/cv_bridge.h:43[m[K,
                 from [01m[K/home/marzooq/AUV_SOFTWARE/AUV_ROS/src/intermediate_layer/src/gate_detect_node.cpp:4[m[K:
[01m[K/opt/ros/kinetic/include/opencv-3.3.1/opencv2/core/mat.hpp:1026:14:[m[K [01;36m[Knote: [m[Kcandidate: cv::Mat::Mat(const cv::cuda::GpuMat&)
     explicit Mat(const cuda::GpuMat& m);
[01;32m[K              ^[m[K
[01m[K/opt/ros/kinetic/include/opencv-3.3.1/opencv2/core/mat.hpp:1026:14:[m[K [01;36m[Knote: [m[K  no known conversion for argument 1 from ‘[01m[Kcv::Rect {aka cv::Rect_<int>}[m[K’ to ‘[01m[Kconst cv::cuda::GpuMat&[m[K’
[01m[K/opt/ros/kinetic/include/opencv-3.3.1/opencv2/core/mat.hpp:1023:37:[m[K [01;36m[Knote: [m[Kcandidate: template<class _Tp> cv::Mat::Mat(const cv::MatCommaInitializer_<_Tp>&)
     template<typename _Tp> explicit Mat(const MatCommaInitializer_<_Tp>& commaInitializer);
[01;32m[K                                     ^[m[K
[01m[K/opt/ros/kinetic/include/opencv-3.3.1/opencv2/core/mat.hpp:1023:37:[m[K [01;36m[Knote: [m[K  template argument deduction/substitution failed:
[01m[K/home/marzooq/AUV_SOFTWARE/AUV_ROS/src/intermediate_layer/src/gate_detect_node.cpp:13:47:[m[K [01;36m[Knote: [m[K  ‘[01m[Kcv::Rect {aka cv::Rect_<int>}[m[K’ is not derived from ‘[01m[Kconst cv::MatCommaInitializer_<_Tp>[m[K’
     double i = fabs(contourArea(Mat(boundRect1)));
[01;32m[K                                               ^[m[K
In file included from [01m[K/opt/ros/kinetic/include/opencv-3.3.1/opencv2/core.hpp:59:0[m[K,
                 from [01m[K/opt/ros/kinetic/include/opencv-3.3.1/opencv2/core/core.hpp:48[m[K,
                 from [01m[K/opt/ros/kinetic/include/cv_bridge/cv_bridge.h:43[m[K,
                 from [01m[K/home/marzooq/AUV_SOFTWARE/AUV_ROS/src/intermediate_layer/src/gate_detect_node.cpp:4[m[K:
[01m[K/opt/ros/kinetic/include/opencv-3.3.1/opencv2/core/mat.hpp:1019:37:[m[K [01;36m[Knote: [m[Kcandidate: template<class _Tp> cv::Mat::Mat(const cv::Point3_<_Tp>&, bool)
     template<typename _Tp> explicit Mat(const Point3_<_Tp>& pt, bool copyData=true);
[01;32m[K                                     ^[m[K
[01m[K/opt/ros/kinetic/include/opencv-3.3.1/opencv2/core/mat.hpp:1019:37:[m[K [01;36m[Knote: [m[K  template argument deduction/substitution failed:
[01m[K/home/marzooq/AUV_SOFTWARE/AUV_ROS/src/intermediate_layer/src/gate_detect_node.cpp:13:47:[m[K [01;36m[Knote: [m[K  ‘[01m[Kcv::Rect {aka cv::Rect_<int>}[m[K’ is not derived from ‘[01m[Kconst cv::Point3_<_Tp>[m[K’
     double i = fabs(contourArea(Mat(boundRect1)));
[01;32m[K                                               ^[m[K
In file included from [01m[K/opt/ros/kinetic/include/opencv-3.3.1/opencv2/core.hpp:59:0[m[K,
                 from [01m[K/opt/ros/kinetic/include/opencv-3.3.1/opencv2/core/core.hpp:48[m[K,
                 from [01m[K/opt/ros/kinetic/include/cv_bridge/cv_bridge.h:43[m[K,
                 from [01m[K/home/marzooq/AUV_SOFTWARE/AUV_ROS/src/intermediate_layer/src/gate_detect_node.cpp:4[m[K:
[01m[K/opt/ros/kinetic/include/opencv-3.3.1/opencv2/core/mat.hpp:1015:37:[m[K [01;36m[Knote: [m[Kcandidate: template<class _Tp> cv::Mat::Mat(const cv::Point_<_Tp>&, bool)
     template<typename _Tp> explicit Mat(const Point_<_Tp>& pt, bool copyData=true);
[01;32m[K                                     ^[m[K
[01m[K/opt/ros/kinetic/include/opencv-3.3.1/opencv2/core/mat.hpp:1015:37:[m[K [01;36m[Knote: [m[K  template argument deduction/substitution failed:
[01m[K/home/marzooq/AUV_SOFTWARE/AUV_ROS/src/intermediate_layer/src/gate_detect_node.cpp:13:47:[m[K [01;36m[Knote: [m[K  ‘[01m[Kcv::Rect {aka cv::Rect_<int>}[m[K’ is not derived from ‘[01m[Kconst cv::Point_<_Tp>[m[K’
     double i = fabs(contourArea(Mat(boundRect1)));
[01;32m[K                                               ^[m[K
In file included from [01m[K/opt/ros/kinetic/include/opencv-3.3.1/opencv2/core.hpp:59:0[m[K,
                 from [01m[K/opt/ros/kinetic/include/opencv-3.3.1/opencv2/core/core.hpp:48[m[K,
                 from [01m[K/opt/ros/kinetic/include/cv_bridge/cv_bridge.h:43[m[K,
                 from [01m[K/home/marzooq/AUV_SOFTWARE/AUV_ROS/src/intermediate_layer/src/gate_detect_node.cpp:4[m[K:
[01m[K/opt/ros/kinetic/include/opencv-3.3.1/opencv2/core/mat.hpp:1011:51:[m[K [01;36m[Knote: [m[Kcandidate: template<class _Tp, int m, int n> cv::Mat::Mat(const cv::Matx<_Tp, m, n>&, bool)
     template<typename _Tp, int m, int n> explicit Mat(const Matx<_Tp, m, n>& mtx, bool copyData=true);
[01;32m[K                                                   ^[m[K
[01m[K/opt/ros/kinetic/include/opencv-3.3.1/opencv2/core/mat.hpp:1011:51:[m[K [01;36m[Knote: [m[K  template argument deduction/substitution failed:
[01m[K/home/marzooq/AUV_SOFTWARE/AUV_ROS/src/intermediate_layer/src/gate_detect_node.cpp:13:47:[m[K [01;36m[Knote: [m[K  ‘[01m[Kcv::Rect {aka cv::Rect_<int>}[m[K’ is not derived from ‘[01m[Kconst cv::Matx<_Tp, m, n>[m[K’
     double i = fabs(contourArea(Mat(boundRect1)));
[01;32m[K                                               ^[m[K
In file included from [01m[K/opt/ros/kinetic/include/opencv-3.3.1/opencv2/core.hpp:59:0[m[K,
                 from [01m[K/opt/ros/kinetic/include/opencv-3.3.1/opencv2/core/core.hpp:48[m[K,
                 from [01m[K/opt/ros/kinetic/include/cv_bridge/cv_bridge.h:43[m[K,
                 from [01m[K/home/marzooq/AUV_SOFTWARE/AUV_ROS/src/intermediate_layer/src/gate_detect_node.cpp:4[m[K:
[01m[K/opt/ros/kinetic/include/opencv-3.3.1/opencv2/core/mat.hpp:1007:44:[m[K [01;36m[Knote: [m[Kcandidate: template<class _Tp, int n> cv::Mat::Mat(const cv::Vec<_Tp, m>&, bool)
     template<typename _Tp, int n> explicit Mat(const Vec<_Tp, n>& vec, bool copyData=true);
[01;32m[K                                            ^[m[K
[01m[K/opt/ros/kinetic/include/opencv-3.3.1/opencv2/core/mat.hpp:1007:44:[m[K [01;36m[Knote: [m[K  template argument deduction/substitution failed:
[01m[K/home/marzooq/AUV_SOFTWARE/AUV_ROS/src/intermediate_layer/src/gate_detect_node.cpp:13:47:[m[K [01;36m[Knote: [m[K  ‘[01m[Kcv::Rect {aka cv::Rect_<int>}[m[K’ is not derived from ‘[01m[Kconst cv::Vec<_Tp, m>[m[K’
     double i = fabs(contourArea(Mat(boundRect1)));
[01;32m[K                                               ^[m[K
In file included from [01m[K/opt/ros/kinetic/include/opencv-3.3.1/opencv2/core.hpp:59:0[m[K,
                 from [01m[K/opt/ros/kinetic/include/opencv-3.3.1/opencv2/core/core.hpp:48[m[K,
                 from [01m[K/opt/ros/kinetic/include/cv_bridge/cv_bridge.h:43[m[K,
                 from [01m[K/home/marzooq/AUV_SOFTWARE/AUV_ROS/src/intermediate_layer/src/gate_detect_node.cpp:4[m[K:
[01m[K/opt/ros/kinetic/include/opencv-3.3.1/opencv2/core/mat.hpp:1002:49:[m[K [01;36m[Knote: [m[Kcandidate: template<class _Tp, long unsigned int _Nm> cv::Mat::Mat(const std::array<_Tp, _Nm>&, bool)
     template<typename _Tp, size_t _Nm> explicit Mat(const std::array<_Tp, _Nm>& arr, bool copyData=false);
[01;32m[K                                                 ^[m[K
[01m[K/opt/ros/kinetic/include/opencv-3.3.1/opencv2/core/mat.hpp:1002:49:[m[K [01;36m[Knote: [m[K  template argument deduction/substitution failed:
[01m[K/home/marzooq/AUV_SOFTWARE/AUV_ROS/src/intermediate_layer/src/gate_detect_node.cpp:13:47:[m[K [01;36m[Knote: [m[K  ‘[01m[Kcv::Rect {aka cv::Rect_<int>}[m[K’ is not derived from ‘[01m[Kconst std::array<_Tp, _Nm>[m[K’
     double i = fabs(contourArea(Mat(boundRect1)));
[01;32m[K                                               ^[m[K
In file included from [01m[K/opt/ros/kinetic/include/opencv-3.3.1/opencv2/core.hpp:59:0[m[K,
                 from [01m[K/opt/ros/kinetic/include/opencv-3.3.1/opencv2/core/core.hpp:48[m[K,
                 from [01m[K/opt/ros/kinetic/include/cv_bridge/cv_bridge.h:43[m[K,
                 from [01m[K/home/marzooq/AUV_SOFTWARE/AUV_ROS/src/intermediate_layer/src/gate_detect_node.cpp:4[m[K:
[01m[K/opt/ros/kinetic/include/opencv-3.3.1/opencv2/core/mat.hpp:996:14:[m[K [01;36m[Knote: [m[Kcandidate: template<class _Tp, class> cv::Mat::Mat(std::initializer_list<_Tp>)
     explicit Mat(const std::initializer_list<_Tp> list);
[01;32m[K              ^[m[K
[01m[K/opt/ros/kinetic/include/opencv-3.3.1/opencv2/core/mat.hpp:996:14:[m[K [01;36m[Knote: [m[K  template argument deduction/substitution failed:
[01m[K/home/marzooq/AUV_SOFTWARE/AUV_ROS/src/intermediate_layer/src/gate_detect_node.cpp:13:47:[m[K [01;36m[Knote: [m[K  ‘[01m[Kcv::Rect_<int>[m[K’ is not derived from ‘[01m[Kstd::initializer_list<_Tp>[m[K’
     double i = fabs(contourArea(Mat(boundRect1)));
[01;32m[K                                               ^[m[K
In file included from [01m[K/opt/ros/kinetic/include/opencv-3.3.1/opencv2/core.hpp:59:0[m[K,
                 from [01m[K/opt/ros/kinetic/include/opencv-3.3.1/opencv2/core/core.hpp:48[m[K,
                 from [01m[K/opt/ros/kinetic/include/cv_bridge/cv_bridge.h:43[m[K,
                 from [01m[K/home/marzooq/AUV_SOFTWARE/AUV_ROS/src/intermediate_layer/src/gate_detect_node.cpp:4[m[K:
[01m[K/opt/ros/kinetic/include/opencv-3.3.1/opencv2/core/mat.hpp:990:37:[m[K [01;36m[Knote: [m[Kcandidate: template<class _Tp> cv::Mat::Mat(const std::vector<_RealType>&, bool)
     template<typename _Tp> explicit Mat(const std::vector<_Tp>& vec, bool copyData=false);
[01;32m[K                                     ^[m[K
[01m[K/opt/ros/kinetic/include/opencv-3.3.1/opencv2/core/mat.hpp:990:37:[m[K [01;36m[Knote: [m[K  template argument deduction/substitution failed:
[01m[K/home/marzooq/AUV_SOFTWARE/AUV_ROS/src/intermediate_layer/src/gate_detect_node.cpp:13:47:[m[K [01;36m[Knote: [m[K  ‘[01m[Kcv::Rect {aka cv::Rect_<int>}[m[K’ is not derived from ‘[01m[Kconst std::vector<_RealType>[m[K’
     double i = fabs(contourArea(Mat(boundRect1)));
[01;32m[K                                               ^[m[K
In file included from [01m[K/opt/ros/kinetic/include/opencv-3.3.1/opencv2/core.hpp:59:0[m[K,
                 from [01m[K/opt/ros/kinetic/include/opencv-3.3.1/opencv2/core/core.hpp:48[m[K,
                 from [01m[K/opt/ros/kinetic/include/cv_bridge/cv_bridge.h:43[m[K,
                 from [01m[K/home/marzooq/AUV_SOFTWARE/AUV_ROS/src/intermediate_layer/src/gate_detect_node.cpp:4[m[K:
[01m[K/opt/ros/kinetic/include/opencv-3.3.1/opencv2/core/mat.hpp:972:5:[m[K [01;36m[Knote: [m[Kcandidate: cv::Mat::Mat(const cv::Mat&, const std::vector<cv::Range>&)
     Mat(const Mat& m, const std::vector<Range>& ranges);
[01;32m[K     ^[m[K
[01m[K/opt/ros/kinetic/include/opencv-3.3.1/opencv2/core/mat.hpp:972:5:[m[K [01;36m[Knote: [m[K  candidate expects 2 arguments, 1 provided
[01m[K/opt/ros/kinetic/include/opencv-3.3.1/opencv2/core/mat.hpp:962:5:[m[K [01;36m[Knote: [m[Kcandidate: cv::Mat::Mat(const cv::Mat&, const cv::Range*)
     Mat(const Mat& m, const Range* ranges);
[01;32m[K     ^[m[K
[01m[K/opt/ros/kinetic/include/opencv-3.3.1/opencv2/core/mat.hpp:962:5:[m[K [01;36m[Knote: [m[K  candidate expects 2 arguments, 1 provided
[01m[K/opt/ros/kinetic/include/opencv-3.3.1/opencv2/core/mat.hpp:952:5:[m[K [01;36m[Knote: [m[Kcandidate: cv::Mat::Mat(const cv::Mat&, const Rect&)
     Mat(const Mat& m, const Rect& roi);
[01;32m[K     ^[m[K
[01m[K/opt/ros/kinetic/include/opencv-3.3.1/opencv2/core/mat.hpp:952:5:[m[K [01;36m[Knote: [m[K  candidate expects 2 arguments, 1 provided
[01m[K/opt/ros/kinetic/include/opencv-3.3.1/opencv2/core/mat.hpp:942:5:[m[K [01;36m[Knote: [m[Kcandidate: cv::Mat::Mat(const cv::Mat&, const cv::Range&, const cv::Range&)
     Mat(const Mat& m, const Range& rowRange, const Range& colRange=Range::all());
[01;32m[K     ^[m[K
[01m[K/opt/ros/kinetic/include/opencv-3.3.1/opencv2/core/mat.hpp:942:5:[m[K [01;36m[Knote: [m[K  candidate expects 3 arguments, 1 provided
[01m[K/opt/ros/kinetic/include/opencv-3.3.1/opencv2/core/mat.hpp:930:5:[m[K [01;36m[Knote: [m[Kcandidate: cv::Mat::Mat(const std::vector<int>&, int, void*, const size_t*)
     Mat(const std::vector<int>& sizes, int type, void* data, const size_t* steps=0);
[01;32m[K     ^[m[K
[01m[K/opt/ros/kinetic/include/opencv-3.3.1/opencv2/core/mat.hpp:930:5:[m[K [01;36m[Knote: [m[K  candidate expects 4 arguments, 1 provided
[01m[K/opt/ros/kinetic/include/opencv-3.3.1/opencv2/core/mat.hpp:916:5:[m[K [01;36m[Knote: [m[Kcandidate: cv::Mat::Mat(int, const int*, int, void*, const size_t*)
     Mat(int ndims, const int* sizes, int type, void* data, const size_t* steps=0);
[01;32m[K     ^[m[K
[01m[K/opt/ros/kinetic/include/opencv-3.3.1/opencv2/core/mat.hpp:916:5:[m[K [01;36m[Knote: [m[K  candidate expects 5 arguments, 1 provided
In file included from [01m[K/opt/ros/kinetic/include/opencv-3.3.1/opencv2/core/mat.hpp:3639:0[m[K,
                 from [01m[K/opt/ros/kinetic/include/opencv-3.3.1/opencv2/core.hpp:59[m[K,
                 from [01m[K/opt/ros/kinetic/include/opencv-3.3.1/opencv2/core/core.hpp:48[m[K,
                 from [01m[K/opt/ros/kinetic/include/cv_bridge/cv_bridge.h:43[m[K,
                 from [01m[K/home/marzooq/AUV_SOFTWARE/AUV_ROS/src/intermediate_layer/src/gate_detect_node.cpp:4[m[K:
[01m[K/opt/ros/kinetic/include/opencv-3.3.1/opencv2/core/mat.inl.hpp:528:1:[m[K [01;36m[Knote: [m[Kcandidate: cv::Mat::Mat(cv::Size, int, void*, size_t)
 Mat::Mat(Size _sz, int _type, void* _data, size_t _step)
[01;32m[K ^[m[K
[01m[K/opt/ros/kinetic/include/opencv-3.3.1/opencv2/core/mat.inl.hpp:528:1:[m[K [01;36m[Knote: [m[K  candidate expects 4 arguments, 1 provided
[01m[K/opt/ros/kinetic/include/opencv-3.3.1/opencv2/core/mat.inl.hpp:495:1:[m[K [01;36m[Knote: [m[Kcandidate: cv::Mat::Mat(int, int, int, void*, size_t)
 Mat::Mat(int _rows, int _cols, int _type, void* _data, size_t _step)
[01;32m[K ^[m[K
[01m[K/opt/ros/kinetic/include/opencv-3.3.1/opencv2/core/mat.inl.hpp:495:1:[m[K [01;36m[Knote: [m[K  candidate expects 5 arguments, 1 provided
[01m[K/opt/ros/kinetic/include/opencv-3.3.1/opencv2/core/mat.inl.hpp:476:1:[m[K [01;36m[Knote: [m[Kcandidate: cv::Mat::Mat(const cv::Mat&)
 Mat::Mat(const Mat& m)
[01;32m[K ^[m[K
[01m[K/opt/ros/kinetic/include/opencv-3.3.1/opencv2/core/mat.inl.hpp:476:1:[m[K [01;36m[Knote: [m[K  no known conversion for argument 1 from ‘[01m[Kcv::Rect {aka cv::Rect_<int>}[m[K’ to ‘[01m[Kconst cv::Mat&[m[K’
[01m[K/opt/ros/kinetic/include/opencv-3.3.1/opencv2/core/mat.inl.hpp:467:1:[m[K [01;36m[Knote: [m[Kcandidate: cv::Mat::Mat(const std::vector<int>&, int, const Scalar&)
 Mat::Mat(const std::vector<int>& _sz, int _type, const Scalar& _s)
[01;32m[K ^[m[K
[01m[K/opt/ros/kinetic/include/opencv-3.3.1/opencv2/core/mat.inl.hpp:467:1:[m[K [01;36m[Knote: [m[K  candidate expects 3 arguments, 1 provided
[01m[K/opt/ros/kinetic/include/opencv-3.3.1/opencv2/core/mat.inl.hpp:450:1:[m[K [01;36m[Knote: [m[Kcandidate: cv::Mat::Mat(int, const int*, int, const Scalar&)
 Mat::Mat(int _dims, const int* _sz, int _type, const Scalar& _s)
[01;32m[K ^[m[K
[01m[K/opt/ros/kinetic/include/opencv-3.3.1/opencv2/core/mat.inl.hpp:450:1:[m[K [01;36m[Knote: [m[K  candidate expects 4 arguments, 1 provided
[01m[K/opt/ros/kinetic/include/opencv-3.3.1/opencv2/core/mat.inl.hpp:459:1:[m[K [01;36m[Knote: [m[Kcandidate: cv::Mat::Mat(const std::vector<int>&, int)
 Mat::Mat(const std::vector<int>& _sz, int _type)
[01;32m[K ^[m[K
[01m[K/opt/ros/kinetic/include/opencv-3.3.1/opencv2/core/mat.inl.hpp:459:1:[m[K [01;36m[Knote: [m[K  candidate expects 2 arguments, 1 provided
[01m[K/opt/ros/kinetic/include/opencv-3.3.1/opencv2/core/mat.inl.hpp:442:1:[m[K [01;36m[Knote: [m[Kcandidate: cv::Mat::Mat(int, const int*, int)
 Mat::Mat(int _dims, const int* _sz, int _type)
[01;32m[K ^[m[K
[01m[K/opt/ros/kinetic/include/opencv-3.3.1/opencv2/core/mat.inl.hpp:442:1:[m[K [01;36m[Knote: [m[K  candidate expects 3 arguments, 1 provided
[01m[K/opt/ros/kinetic/include/opencv-3.3.1/opencv2/core/mat.inl.hpp:433:1:[m[K [01;36m[Knote: [m[Kcandidate: cv::Mat::Mat(cv::Size, int, const Scalar&)
 Mat::Mat(Size _sz, int _type, const Scalar& _s)
[01;32m[K ^[m[K
[01m[K/opt/ros/kinetic/include/opencv-3.3.1/opencv2/core/mat.inl.hpp:433:1:[m[K [01;36m[Knote: [m[K  candidate expects 3 arguments, 1 provided
[01m[K/opt/ros/kinetic/include/opencv-3.3.1/opencv2/core/mat.inl.hpp:416:1:[m[K [01;36m[Knote: [m[Kcandidate: cv::Mat::Mat(int, int, int, const Scalar&)
 Mat::Mat(int _rows, int _cols, int _type, const Scalar& _s)
[01;32m[K ^[m[K
[01m[K/opt/ros/kinetic/include/opencv-3.3.1/opencv2/core/mat.inl.hpp:416:1:[m[K [01;36m[Knote: [m[K  candidate expects 4 arguments, 1 provided
[01m[K/opt/ros/kinetic/include/opencv-3.3.1/opencv2/core/mat.inl.hpp:425:1:[m[K [01;36m[Knote: [m[Kcandidate: cv::Mat::Mat(cv::Size, int)
 Mat::Mat(Size _sz, int _type)
[01;32m[K ^[m[K
[01m[K/opt/ros/kinetic/include/opencv-3.3.1/opencv2/core/mat.inl.hpp:425:1:[m[K [01;36m[Knote: [m[K  candidate expects 2 arguments, 1 provided
[01m[K/opt/ros/kinetic/include/opencv-3.3.1/opencv2/core/mat.inl.hpp:408:1:[m[K [01;36m[Knote: [m[Kcandidate: cv::Mat::Mat(int, int, int)
 Mat::Mat(int _rows, int _cols, int _type)
[01;32m[K ^[m[K
[01m[K/opt/ros/kinetic/include/opencv-3.3.1/opencv2/core/mat.inl.hpp:408:1:[m[K [01;36m[Knote: [m[K  candidate expects 3 arguments, 1 provided
[01m[K/opt/ros/kinetic/include/opencv-3.3.1/opencv2/core/mat.inl.hpp:402:1:[m[K [01;36m[Knote: [m[Kcandidate: cv::Mat::Mat()
 Mat::Mat()
[01;32m[K ^[m[K
[01m[K/opt/ros/kinetic/include/opencv-3.3.1/opencv2/core/mat.inl.hpp:402:1:[m[K [01;36m[Knote: [m[K  candidate expects 0 arguments, 1 provided
[01m[K/home/marzooq/AUV_SOFTWARE/AUV_ROS/src/intermediate_layer/src/gate_detect_node.cpp:14:47:[m[K [01;31m[Kerror: [m[Kno matching function for call to ‘[01m[Kcv::Mat::Mat(cv::Rect&)[m[K’
     double j = fabs(contourArea(Mat(boundRect2)));
[01;32m[K                                               ^[m[K
In file included from [01m[K/opt/ros/kinetic/include/opencv-3.3.1/opencv2/core/mat.hpp:3639:0[m[K,
                 from [01m[K/opt/ros/kinetic/include/opencv-3.3.1/opencv2/core.hpp:59[m[K,
                 from [01m[K/opt/ros/kinetic/include/opencv-3.3.1/opencv2/core/core.hpp:48[m[K,
                 from [01m[K/opt/ros/kinetic/include/cv_bridge/cv_bridge.h:43[m[K,
                 from [01m[K/home/marzooq/AUV_SOFTWARE/AUV_ROS/src/intermediate_layer/src/gate_detect_node.cpp:4[m[K:
[01m[K/opt/ros/kinetic/include/opencv-3.3.1/opencv2/core/mat.inl.hpp:1335:1:[m[K [01;36m[Knote: [m[Kcandidate: cv::Mat::Mat(cv::Mat&&)
 Mat::Mat(Mat&& m)
[01;32m[K ^[m[K
[01m[K/opt/ros/kinetic/include/opencv-3.3.1/opencv2/core/mat.inl.hpp:1335:1:[m[K [01;36m[Knote: [m[K  no known conversion for argument 1 from ‘[01m[Kcv::Rect {aka cv::Rect_<int>}[m[K’ to ‘[01m[Kcv::Mat&&[m[K’
In file included from [01m[K/opt/ros/kinetic/include/opencv-3.3.1/opencv2/core.hpp:59:0[m[K,
                 from [01m[K/opt/ros/kinetic/include/opencv-3.3.1/opencv2/core/core.hpp:48[m[K,
                 from [01m[K/opt/ros/kinetic/include/cv_bridge/cv_bridge.h:43[m[K,
                 from [01m[K/home/marzooq/AUV_SOFTWARE/AUV_ROS/src/intermediate_layer/src/gate_detect_node.cpp:4[m[K:
[01m[K/opt/ros/kinetic/include/opencv-3.3.1/opencv2/core/mat.hpp:1026:14:[m[K [01;36m[Knote: [m[Kcandidate: cv::Mat::Mat(const cv::cuda::GpuMat&)
     explicit Mat(const cuda::GpuMat& m);
[01;32m[K              ^[m[K
[01m[K/opt/ros/kinetic/include/opencv-3.3.1/opencv2/core/mat.hpp:1026:14:[m[K [01;36m[Knote: [m[K  no known conversion for argument 1 from ‘[01m[Kcv::Rect {aka cv::Rect_<int>}[m[K’ to ‘[01m[Kconst cv::cuda::GpuMat&[m[K’
[01m[K/opt/ros/kinetic/include/opencv-3.3.1/opencv2/core/mat.hpp:1023:37:[m[K [01;36m[Knote: [m[Kcandidate: template<class _Tp> cv::Mat::Mat(const cv::MatCommaInitializer_<_Tp>&)
     template<typename _Tp> explicit Mat(const MatCommaInitializer_<_Tp>& commaInitializer);
[01;32m[K                                     ^[m[K
[01m[K/opt/ros/kinetic/include/opencv-3.3.1/opencv2/core/mat.hpp:1023:37:[m[K [01;36m[Knote: [m[K  template argument deduction/substitution failed:
[01m[K/home/marzooq/AUV_SOFTWARE/AUV_ROS/src/intermediate_layer/src/gate_detect_node.cpp:14:47:[m[K [01;36m[Knote: [m[K  ‘[01m[Kcv::Rect {aka cv::Rect_<int>}[m[K’ is not derived from ‘[01m[Kconst cv::MatCommaInitializer_<_Tp>[m[K’
     double j = fabs(contourArea(Mat(boundRect2)));
[01;32m[K                                               ^[m[K
In file included from [01m[K/opt/ros/kinetic/include/opencv-3.3.1/opencv2/core.hpp:59:0[m[K,
                 from [01m[K/opt/ros/kinetic/include/opencv-3.3.1/opencv2/core/core.hpp:48[m[K,
                 from [01m[K/opt/ros/kinetic/include/cv_bridge/cv_bridge.h:43[m[K,
                 from [01m[K/home/marzooq/AUV_SOFTWARE/AUV_ROS/src/intermediate_layer/src/gate_detect_node.cpp:4[m[K:
[01m[K/opt/ros/kinetic/include/opencv-3.3.1/opencv2/core/mat.hpp:1019:37:[m[K [01;36m[Knote: [m[Kcandidate: template<class _Tp> cv::Mat::Mat(const cv::Point3_<_Tp>&, bool)
     template<typename _Tp> explicit Mat(const Point3_<_Tp>& pt, bool copyData=true);
[01;32m[K                                     ^[m[K
[01m[K/opt/ros/kinetic/include/opencv-3.3.1/opencv2/core/mat.hpp:1019:37:[m[K [01;36m[Knote: [m[K  template argument deduction/substitution failed:
[01m[K/home/marzooq/AUV_SOFTWARE/AUV_ROS/src/intermediate_layer/src/gate_detect_node.cpp:14:47:[m[K [01;36m[Knote: [m[K  ‘[01m[Kcv::Rect {aka cv::Rect_<int>}[m[K’ is not derived from ‘[01m[Kconst cv::Point3_<_Tp>[m[K’
     double j = fabs(contourArea(Mat(boundRect2)));
[01;32m[K                                               ^[m[K
In file included from [01m[K/opt/ros/kinetic/include/opencv-3.3.1/opencv2/core.hpp:59:0[m[K,
                 from [01m[K/opt/ros/kinetic/include/opencv-3.3.1/opencv2/core/core.hpp:48[m[K,
                 from [01m[K/opt/ros/kinetic/include/cv_bridge/cv_bridge.h:43[m[K,
                 from [01m[K/home/marzooq/AUV_SOFTWARE/AUV_ROS/src/intermediate_layer/src/gate_detect_node.cpp:4[m[K:
[01m[K/opt/ros/kinetic/include/opencv-3.3.1/opencv2/core/mat.hpp:1015:37:[m[K [01;36m[Knote: [m[Kcandidate: template<class _Tp> cv::Mat::Mat(const cv::Point_<_Tp>&, bool)
     template<typename _Tp> explicit Mat(const Point_<_Tp>& pt, bool copyData=true);
[01;32m[K                                     ^[m[K
[01m[K/opt/ros/kinetic/include/opencv-3.3.1/opencv2/core/mat.hpp:1015:37:[m[K [01;36m[Knote: [m[K  template argument deduction/substitution failed:
[01m[K/home/marzooq/AUV_SOFTWARE/AUV_ROS/src/intermediate_layer/src/gate_detect_node.cpp:14:47:[m[K [01;36m[Knote: [m[K  ‘[01m[Kcv::Rect {aka cv::Rect_<int>}[m[K’ is not derived from ‘[01m[Kconst cv::Point_<_Tp>[m[K’
     double j = fabs(contourArea(Mat(boundRect2)));
[01;32m[K                                               ^[m[K
In file included from [01m[K/opt/ros/kinetic/include/opencv-3.3.1/opencv2/core.hpp:59:0[m[K,
                 from [01m[K/opt/ros/kinetic/include/opencv-3.3.1/opencv2/core/core.hpp:48[m[K,
                 from [01m[K/opt/ros/kinetic/include/cv_bridge/cv_bridge.h:43[m[K,
                 from [01m[K/home/marzooq/AUV_SOFTWARE/AUV_ROS/src/intermediate_layer/src/gate_detect_node.cpp:4[m[K:
[01m[K/opt/ros/kinetic/include/opencv-3.3.1/opencv2/core/mat.hpp:1011:51:[m[K [01;36m[Knote: [m[Kcandidate: template<class _Tp, int m, int n> cv::Mat::Mat(const cv::Matx<_Tp, m, n>&, bool)
     template<typename _Tp, int m, int n> explicit Mat(const Matx<_Tp, m, n>& mtx, bool copyData=true);
[01;32m[K                                                   ^[m[K
[01m[K/opt/ros/kinetic/include/opencv-3.3.1/opencv2/core/mat.hpp:1011:51:[m[K [01;36m[Knote: [m[K  template argument deduction/substitution failed:
[01m[K/home/marzooq/AUV_SOFTWARE/AUV_ROS/src/intermediate_layer/src/gate_detect_node.cpp:14:47:[m[K [01;36m[Knote: [m[K  ‘[01m[Kcv::Rect {aka cv::Rect_<int>}[m[K’ is not derived from ‘[01m[Kconst cv::Matx<_Tp, m, n>[m[K’
     double j = fabs(contourArea(Mat(boundRect2)));
[01;32m[K                                               ^[m[K
In file included from [01m[K/opt/ros/kinetic/include/opencv-3.3.1/opencv2/core.hpp:59:0[m[K,
                 from [01m[K/opt/ros/kinetic/include/opencv-3.3.1/opencv2/core/core.hpp:48[m[K,
                 from [01m[K/opt/ros/kinetic/include/cv_bridge/cv_bridge.h:43[m[K,
                 from [01m[K/home/marzooq/AUV_SOFTWARE/AUV_ROS/src/intermediate_layer/src/gate_detect_node.cpp:4[m[K:
[01m[K/opt/ros/kinetic/include/opencv-3.3.1/opencv2/core/mat.hpp:1007:44:[m[K [01;36m[Knote: [m[Kcandidate: template<class _Tp, int n> cv::Mat::Mat(const cv::Vec<_Tp, m>&, bool)
     template<typename _Tp, int n> explicit Mat(const Vec<_Tp, n>& vec, bool copyData=true);
[01;32m[K                                            ^[m[K
[01m[K/opt/ros/kinetic/include/opencv-3.3.1/opencv2/core/mat.hpp:1007:44:[m[K [01;36m[Knote: [m[K  template argument deduction/substitution failed:
[01m[K/home/marzooq/AUV_SOFTWARE/AUV_ROS/src/intermediate_layer/src/gate_detect_node.cpp:14:47:[m[K [01;36m[Knote: [m[K  ‘[01m[Kcv::Rect {aka cv::Rect_<int>}[m[K’ is not derived from ‘[01m[Kconst cv::Vec<_Tp, m>[m[K’
     double j = fabs(contourArea(Mat(boundRect2)));
[01;32m[K                                               ^[m[K
In file included from [01m[K/opt/ros/kinetic/include/opencv-3.3.1/opencv2/core.hpp:59:0[m[K,
                 from [01m[K/opt/ros/kinetic/include/opencv-3.3.1/opencv2/core/core.hpp:48[m[K,
                 from [01m[K/opt/ros/kinetic/include/cv_bridge/cv_bridge.h:43[m[K,
                 from [01m[K/home/marzooq/AUV_SOFTWARE/AUV_ROS/src/intermediate_layer/src/gate_detect_node.cpp:4[m[K:
[01m[K/opt/ros/kinetic/include/opencv-3.3.1/opencv2/core/mat.hpp:1002:49:[m[K [01;36m[Knote: [m[Kcandidate: template<class _Tp, long unsigned int _Nm> cv::Mat::Mat(const std::array<_Tp, _Nm>&, bool)
     template<typename _Tp, size_t _Nm> explicit Mat(const std::array<_Tp, _Nm>& arr, bool copyData=false);
[01;32m[K                                                 ^[m[K
[01m[K/opt/ros/kinetic/include/opencv-3.3.1/opencv2/core/mat.hpp:1002:49:[m[K [01;36m[Knote: [m[K  template argument deduction/substitution failed:
[01m[K/home/marzooq/AUV_SOFTWARE/AUV_ROS/src/intermediate_layer/src/gate_detect_node.cpp:14:47:[m[K [01;36m[Knote: [m[K  ‘[01m[Kcv::Rect {aka cv::Rect_<int>}[m[K’ is not derived from ‘[01m[Kconst std::array<_Tp, _Nm>[m[K’
     double j = fabs(contourArea(Mat(boundRect2)));
[01;32m[K                                               ^[m[K
In file included from [01m[K/opt/ros/kinetic/include/opencv-3.3.1/opencv2/core.hpp:59:0[m[K,
                 from [01m[K/opt/ros/kinetic/include/opencv-3.3.1/opencv2/core/core.hpp:48[m[K,
                 from [01m[K/opt/ros/kinetic/include/cv_bridge/cv_bridge.h:43[m[K,
                 from [01m[K/home/marzooq/AUV_SOFTWARE/AUV_ROS/src/intermediate_layer/src/gate_detect_node.cpp:4[m[K:
[01m[K/opt/ros/kinetic/include/opencv-3.3.1/opencv2/core/mat.hpp:996:14:[m[K [01;36m[Knote: [m[Kcandidate: template<class _Tp, class> cv::Mat::Mat(std::initializer_list<_Tp>)
     explicit Mat(const std::initializer_list<_Tp> list);
[01;32m[K              ^[m[K
[01m[K/opt/ros/kinetic/include/opencv-3.3.1/opencv2/core/mat.hpp:996:14:[m[K [01;36m[Knote: [m[K  template argument deduction/substitution failed:
[01m[K/home/marzooq/AUV_SOFTWARE/AUV_ROS/src/intermediate_layer/src/gate_detect_node.cpp:14:47:[m[K [01;36m[Knote: [m[K  ‘[01m[Kcv::Rect_<int>[m[K’ is not derived from ‘[01m[Kstd::initializer_list<_Tp>[m[K’
     double j = fabs(contourArea(Mat(boundRect2)));
[01;32m[K                                               ^[m[K
In file included from [01m[K/opt/ros/kinetic/include/opencv-3.3.1/opencv2/core.hpp:59:0[m[K,
                 from [01m[K/opt/ros/kinetic/include/opencv-3.3.1/opencv2/core/core.hpp:48[m[K,
                 from [01m[K/opt/ros/kinetic/include/cv_bridge/cv_bridge.h:43[m[K,
                 from [01m[K/home/marzooq/AUV_SOFTWARE/AUV_ROS/src/intermediate_layer/src/gate_detect_node.cpp:4[m[K:
[01m[K/opt/ros/kinetic/include/opencv-3.3.1/opencv2/core/mat.hpp:990:37:[m[K [01;36m[Knote: [m[Kcandidate: template<class _Tp> cv::Mat::Mat(const std::vector<_RealType>&, bool)
     template<typename _Tp> explicit Mat(const std::vector<_Tp>& vec, bool copyData=false);
[01;32m[K                                     ^[m[K
[01m[K/opt/ros/kinetic/include/opencv-3.3.1/opencv2/core/mat.hpp:990:37:[m[K [01;36m[Knote: [m[K  template argument deduction/substitution failed:
[01m[K/home/marzooq/AUV_SOFTWARE/AUV_ROS/src/intermediate_layer/src/gate_detect_node.cpp:14:47:[m[K [01;36m[Knote: [m[K  ‘[01m[Kcv::Rect {aka cv::Rect_<int>}[m[K’ is not derived from ‘[01m[Kconst std::vector<_RealType>[m[K’
     double j = fabs(contourArea(Mat(boundRect2)));
[01;32m[K                                               ^[m[K
In file included from [01m[K/opt/ros/kinetic/include/opencv-3.3.1/opencv2/core.hpp:59:0[m[K,
                 from [01m[K/opt/ros/kinetic/include/opencv-3.3.1/opencv2/core/core.hpp:48[m[K,
                 from [01m[K/opt/ros/kinetic/include/cv_bridge/cv_bridge.h:43[m[K,
                 from [01m[K/home/marzooq/AUV_SOFTWARE/AUV_ROS/src/intermediate_layer/src/gate_detect_node.cpp:4[m[K:
[01m[K/opt/ros/kinetic/include/opencv-3.3.1/opencv2/core/mat.hpp:972:5:[m[K [01;36m[Knote: [m[Kcandidate: cv::Mat::Mat(const cv::Mat&, const std::vector<cv::Range>&)
     Mat(const Mat& m, const std::vector<Range>& ranges);
[01;32m[K     ^[m[K
[01m[K/opt/ros/kinetic/include/opencv-3.3.1/opencv2/core/mat.hpp:972:5:[m[K [01;36m[Knote: [m[K  candidate expects 2 arguments, 1 provided
[01m[K/opt/ros/kinetic/include/opencv-3.3.1/opencv2/core/mat.hpp:962:5:[m[K [01;36m[Knote: [m[Kcandidate: cv::Mat::Mat(const cv::Mat&, const cv::Range*)
     Mat(const Mat& m, const Range* ranges);
[01;32m[K     ^[m[K
[01m[K/opt/ros/kinetic/include/opencv-3.3.1/opencv2/core/mat.hpp:962:5:[m[K [01;36m[Knote: [m[K  candidate expects 2 arguments, 1 provided
[01m[K/opt/ros/kinetic/include/opencv-3.3.1/opencv2/core/mat.hpp:952:5:[m[K [01;36m[Knote: [m[Kcandidate: cv::Mat::Mat(const cv::Mat&, const Rect&)
     Mat(const Mat& m, const Rect& roi);
[01;32m[K     ^[m[K
[01m[K/opt/ros/kinetic/include/opencv-3.3.1/opencv2/core/mat.hpp:952:5:[m[K [01;36m[Knote: [m[K  candidate expects 2 arguments, 1 provided
[01m[K/opt/ros/kinetic/include/opencv-3.3.1/opencv2/core/mat.hpp:942:5:[m[K [01;36m[Knote: [m[Kcandidate: cv::Mat::Mat(const cv::Mat&, const cv::Range&, const cv::Range&)
     Mat(const Mat& m, const Range& rowRange, const Range& colRange=Range::all());
[01;32m[K     ^[m[K
[01m[K/opt/ros/kinetic/include/opencv-3.3.1/opencv2/core/mat.hpp:942:5:[m[K [01;36m[Knote: [m[K  candidate expects 3 arguments, 1 provided
[01m[K/opt/ros/kinetic/include/opencv-3.3.1/opencv2/core/mat.hpp:930:5:[m[K [01;36m[Knote: [m[Kcandidate: cv::Mat::Mat(const std::vector<int>&, int, void*, const size_t*)
     Mat(const std::vector<int>& sizes, int type, void* data, const size_t* steps=0);
[01;32m[K     ^[m[K
[01m[K/opt/ros/kinetic/include/opencv-3.3.1/opencv2/core/mat.hpp:930:5:[m[K [01;36m[Knote: [m[K  candidate expects 4 arguments, 1 provided
[01m[K/opt/ros/kinetic/include/opencv-3.3.1/opencv2/core/mat.hpp:916:5:[m[K [01;36m[Knote: [m[Kcandidate: cv::Mat::Mat(int, const int*, int, void*, const size_t*)
     Mat(int ndims, const int* sizes, int type, void* data, const size_t* steps=0);
[01;32m[K     ^[m[K
[01m[K/opt/ros/kinetic/include/opencv-3.3.1/opencv2/core/mat.hpp:916:5:[m[K [01;36m[Knote: [m[K  candidate expects 5 arguments, 1 provided
In file included from [01m[K/opt/ros/kinetic/include/opencv-3.3.1/opencv2/core/mat.hpp:3639:0[m[K,
                 from [01m[K/opt/ros/kinetic/include/opencv-3.3.1/opencv2/core.hpp:59[m[K,
                 from [01m[K/opt/ros/kinetic/include/opencv-3.3.1/opencv2/core/core.hpp:48[m[K,
                 from [01m[K/opt/ros/kinetic/include/cv_bridge/cv_bridge.h:43[m[K,
                 from [01m[K/home/marzooq/AUV_SOFTWARE/AUV_ROS/src/intermediate_layer/src/gate_detect_node.cpp:4[m[K:
[01m[K/opt/ros/kinetic/include/opencv-3.3.1/opencv2/core/mat.inl.hpp:528:1:[m[K [01;36m[Knote: [m[Kcandidate: cv::Mat::Mat(cv::Size, int, void*, size_t)
 Mat::Mat(Size _sz, int _type, void* _data, size_t _step)
[01;32m[K ^[m[K
[01m[K/opt/ros/kinetic/include/opencv-3.3.1/opencv2/core/mat.inl.hpp:528:1:[m[K [01;36m[Knote: [m[K  candidate expects 4 arguments, 1 provided
[01m[K/opt/ros/kinetic/include/opencv-3.3.1/opencv2/core/mat.inl.hpp:495:1:[m[K [01;36m[Knote: [m[Kcandidate: cv::Mat::Mat(int, int, int, void*, size_t)
 Mat::Mat(int _rows, int _cols, int _type, void* _data, size_t _step)
[01;32m[K ^[m[K
[01m[K/opt/ros/kinetic/include/opencv-3.3.1/opencv2/core/mat.inl.hpp:495:1:[m[K [01;36m[Knote: [m[K  candidate expects 5 arguments, 1 provided
[01m[K/opt/ros/kinetic/include/opencv-3.3.1/opencv2/core/mat.inl.hpp:476:1:[m[K [01;36m[Knote: [m[Kcandidate: cv::Mat::Mat(const cv::Mat&)
 Mat::Mat(const Mat& m)
[01;32m[K ^[m[K
[01m[K/opt/ros/kinetic/include/opencv-3.3.1/opencv2/core/mat.inl.hpp:476:1:[m[K [01;36m[Knote: [m[K  no known conversion for argument 1 from ‘[01m[Kcv::Rect {aka cv::Rect_<int>}[m[K’ to ‘[01m[Kconst cv::Mat&[m[K’
[01m[K/opt/ros/kinetic/include/opencv-3.3.1/opencv2/core/mat.inl.hpp:467:1:[m[K [01;36m[Knote: [m[Kcandidate: cv::Mat::Mat(const std::vector<int>&, int, const Scalar&)
 Mat::Mat(const std::vector<int>& _sz, int _type, const Scalar& _s)
[01;32m[K ^[m[K
[01m[K/opt/ros/kinetic/include/opencv-3.3.1/opencv2/core/mat.inl.hpp:467:1:[m[K [01;36m[Knote: [m[K  candidate expects 3 arguments, 1 provided
[01m[K/opt/ros/kinetic/include/opencv-3.3.1/opencv2/core/mat.inl.hpp:450:1:[m[K [01;36m[Knote: [m[Kcandidate: cv::Mat::Mat(int, const int*, int, const Scalar&)
 Mat::Mat(int _dims, const int* _sz, int _type, const Scalar& _s)
[01;32m[K ^[m[K
[01m[K/opt/ros/kinetic/include/opencv-3.3.1/opencv2/core/mat.inl.hpp:450:1:[m[K [01;36m[Knote: [m[K  candidate expects 4 arguments, 1 provided
[01m[K/opt/ros/kinetic/include/opencv-3.3.1/opencv2/core/mat.inl.hpp:459:1:[m[K [01;36m[Knote: [m[Kcandidate: cv::Mat::Mat(const std::vector<int>&, int)
 Mat::Mat(const std::vector<int>& _sz, int _type)
[01;32m[K ^[m[K
[01m[K/opt/ros/kinetic/include/opencv-3.3.1/opencv2/core/mat.inl.hpp:459:1:[m[K [01;36m[Knote: [m[K  candidate expects 2 arguments, 1 provided
[01m[K/opt/ros/kinetic/include/opencv-3.3.1/opencv2/core/mat.inl.hpp:442:1:[m[K [01;36m[Knote: [m[Kcandidate: cv::Mat::Mat(int, const int*, int)
 Mat::Mat(int _dims, const int* _sz, int _type)
[01;32m[K ^[m[K
[01m[K/opt/ros/kinetic/include/opencv-3.3.1/opencv2/core/mat.inl.hpp:442:1:[m[K [01;36m[Knote: [m[K  candidate expects 3 arguments, 1 provided
[01m[K/opt/ros/kinetic/include/opencv-3.3.1/opencv2/core/mat.inl.hpp:433:1:[m[K [01;36m[Knote: [m[Kcandidate: cv::Mat::Mat(cv::Size, int, const Scalar&)
 Mat::Mat(Size _sz, int _type, const Scalar& _s)
[01;32m[K ^[m[K
[01m[K/opt/ros/kinetic/include/opencv-3.3.1/opencv2/core/mat.inl.hpp:433:1:[m[K [01;36m[Knote: [m[K  candidate expects 3 arguments, 1 provided
[01m[K/opt/ros/kinetic/include/opencv-3.3.1/opencv2/core/mat.inl.hpp:416:1:[m[K [01;36m[Knote: [m[Kcandidate: cv::Mat::Mat(int, int, int, const Scalar&)
 Mat::Mat(int _rows, int _cols, int _type, const Scalar& _s)
[01;32m[K ^[m[K
[01m[K/opt/ros/kinetic/include/opencv-3.3.1/opencv2/core/mat.inl.hpp:416:1:[m[K [01;36m[Knote: [m[K  candidate expects 4 arguments, 1 provided
[01m[K/opt/ros/kinetic/include/opencv-3.3.1/opencv2/core/mat.inl.hpp:425:1:[m[K [01;36m[Knote: [m[Kcandidate: cv::Mat::Mat(cv::Size, int)
 Mat::Mat(Size _sz, int _type)
[01;32m[K ^[m[K
[01m[K/opt/ros/kinetic/include/opencv-3.3.1/opencv2/core/mat.inl.hpp:425:1:[m[K [01;36m[Knote: [m[K  candidate expects 2 arguments, 1 provided
[01m[K/opt/ros/kinetic/include/opencv-3.3.1/opencv2/core/mat.inl.hpp:408:1:[m[K [01;36m[Knote: [m[Kcandidate: cv::Mat::Mat(int, int, int)
 Mat::Mat(int _rows, int _cols, int _type)
[01;32m[K ^[m[K
[01m[K/opt/ros/kinetic/include/opencv-3.3.1/opencv2/core/mat.inl.hpp:408:1:[m[K [01;36m[Knote: [m[K  candidate expects 3 arguments, 1 provided
[01m[K/opt/ros/kinetic/include/opencv-3.3.1/opencv2/core/mat.inl.hpp:402:1:[m[K [01;36m[Knote: [m[Kcandidate: cv::Mat::Mat()
 Mat::Mat()
[01;32m[K ^[m[K
[01m[K/opt/ros/kinetic/include/opencv-3.3.1/opencv2/core/mat.inl.hpp:402:1:[m[K [01;36m[Knote: [m[K  candidate expects 0 arguments, 1 provided
[01m[K/home/marzooq/AUV_SOFTWARE/AUV_ROS/src/intermediate_layer/src/gate_detect_node.cpp:[m[K In function ‘[01m[Kint gate_pixels(cv::Mat)[m[K’:
[01m[K/home/marzooq/AUV_SOFTWARE/AUV_ROS/src/intermediate_layer/src/gate_detect_node.cpp:41:9:[m[K [01;31m[Kerror: [m[Kcannot convert ‘[01m[Kcv::Point_<int>[m[K’ to ‘[01m[Kint[m[K’ in assignment
     p.x = (boundRect[boundRect.size()-1].tl()+boundRect[boundRect.size()-2].tl())/2;
[01;32m[K         ^[m[K
make[2]: *** [CMakeFiles/gate_detect_node.dir/src/gate_detect_node.cpp.o] Error 1
make[1]: *** [CMakeFiles/gate_detect_node.dir/all] Error 2
make: *** [all] Error 2
