[01m[K/home/marzooq/AUV_SOFTWARE/AUV_ROS/src/intermediate_layer/src/gate_detect_node.cpp:12:32:[m[K [01;31m[Kerror: [m[Kexpected primary-expression before ‘[01m[K>[m[K’ token
 bool compareArea(vector<Point> > contour1,vector<Point> > contour2){
[01;32m[K                                ^[m[K
[01m[K/home/marzooq/AUV_SOFTWARE/AUV_ROS/src/intermediate_layer/src/gate_detect_node.cpp:12:34:[m[K [01;31m[Kerror: [m[K‘[01m[Kcontour1[m[K’ was not declared in this scope
 bool compareArea(vector<Point> > contour1,vector<Point> > contour2){
[01;32m[K                                  ^[m[K
[01m[K/home/marzooq/AUV_SOFTWARE/AUV_ROS/src/intermediate_layer/src/gate_detect_node.cpp:12:57:[m[K [01;31m[Kerror: [m[Kexpected primary-expression before ‘[01m[K>[m[K’ token
 bool compareArea(vector<Point> > contour1,vector<Point> > contour2){
[01;32m[K                                                         ^[m[K
[01m[K/home/marzooq/AUV_SOFTWARE/AUV_ROS/src/intermediate_layer/src/gate_detect_node.cpp:12:59:[m[K [01;31m[Kerror: [m[K‘[01m[Kcontour2[m[K’ was not declared in this scope
 bool compareArea(vector<Point> > contour1,vector<Point> > contour2){
[01;32m[K                                                           ^[m[K
[01m[K/home/marzooq/AUV_SOFTWARE/AUV_ROS/src/intermediate_layer/src/gate_detect_node.cpp:12:67:[m[K [01;31m[Kerror: [m[Kexpression list treated as compound expression in initializer [-fpermissive]
 bool compareArea(vector<Point> > contour1,vector<Point> > contour2){
[01;32m[K                                                                   ^[m[K
[01m[K/home/marzooq/AUV_SOFTWARE/AUV_ROS/src/intermediate_layer/src/gate_detect_node.cpp:12:68:[m[K [01;31m[Kerror: [m[Kexpected ‘[01m[K,[m[K’ or ‘[01m[K;[m[K’ before ‘[01m[K{[m[K’ token
 bool compareArea(vector<Point> > contour1,vector<Point> > contour2){
[01;32m[K                                                                    ^[m[K
[01m[K/home/marzooq/AUV_SOFTWARE/AUV_ROS/src/intermediate_layer/src/gate_detect_node.cpp:[m[K In function ‘[01m[Kint gate_pixels(cv::Mat)[m[K’:
[01m[K/home/marzooq/AUV_SOFTWARE/AUV_ROS/src/intermediate_layer/src/gate_detect_node.cpp:30:5:[m[K [01;31m[Kerror: [m[Kexpected initializer before ‘[01m[Kvector[m[K’
     vector<vector<Point> > contours,contours_rect;
[01;32m[K     ^[m[K
[01m[K/home/marzooq/AUV_SOFTWARE/AUV_ROS/src/intermediate_layer/src/gate_detect_node.cpp:31:28:[m[K [01;31m[Kerror: [m[K‘[01m[Kcontours[m[K’ was not declared in this scope
     findContours(hsv_frame,contours,CV_RETR_LIST,CV_CHAIN_APPROX_NONE,Point(0,0));
[01;32m[K                            ^[m[K
[01m[K/home/marzooq/AUV_SOFTWARE/AUV_ROS/src/intermediate_layer/src/gate_detect_node.cpp:37:25:[m[K [01;31m[Kerror: [m[K‘[01m[Kcontours_rect[m[K’ was not declared in this scope
     findContours(interm,contours_rect,CV_RETR_LIST,CV_CHAIN_APPROX_NONE,Point(0,0));
[01;32m[K                         ^[m[K
[01m[K/home/marzooq/AUV_SOFTWARE/AUV_ROS/src/intermediate_layer/src/gate_detect_node.cpp:38:64:[m[K [01;31m[Kerror: [m[K‘[01m[KcompareArea[m[K’ cannot be used as a function
     sort(contours_rect.begin(),contours_rect.end(),compareArea());
[01;32m[K                                                                ^[m[K
make[2]: *** [CMakeFiles/gate_detect_node.dir/src/gate_detect_node.cpp.o] Error 1
make[1]: *** [CMakeFiles/gate_detect_node.dir/all] Error 2
make: *** [all] Error 2
